2020-12-14 18:25:55.9996||WARN|Books365.PL.Login|Login data was incorrect 
2020-12-14 18:26:02.4308||INFO|Books365.PL.Login|User vovchyk@gmail.com - was logged in 
2020-12-14 18:26:13.0596||INFO|Books365.PL.Window1|User vovchyk@gmail.com  -  was logged out 
2020-12-14 18:32:25.1122||INFO|Books365.PL.Login|User vovchyk@gmail.com - was logged in 
2020-12-14 18:32:27.9585||ERROR|Books365.PL.Notifications|Database connection is not avaliable Invalid column name 'IsEnabled'. 
2020-12-14 18:32:28.0327||ERROR|Books365.PL.Notifications|Database connection is not available Microsoft.Data.SqlClient.SqlException (0x80131904): Invalid column name 'IsEnabled'.
   at Microsoft.Data.SqlClient.SqlConnection.OnError(SqlException exception, Boolean breakConnection, Action`1 wrapCloseInAction)
   at Microsoft.Data.SqlClient.SqlInternalConnection.OnError(SqlException exception, Boolean breakConnection, Action`1 wrapCloseInAction)
   at Microsoft.Data.SqlClient.TdsParser.ThrowExceptionAndWarning(TdsParserStateObject stateObj, Boolean callerHasConnectionLock, Boolean asyncClose)
   at Microsoft.Data.SqlClient.TdsParser.TryRun(RunBehavior runBehavior, SqlCommand cmdHandler, SqlDataReader dataStream, BulkCopySimpleResultSet bulkCopyHandler, TdsParserStateObject stateObj, Boolean& dataReady)
   at Microsoft.Data.SqlClient.SqlDataReader.TryConsumeMetaData()
   at Microsoft.Data.SqlClient.SqlDataReader.get_MetaData()
   at Microsoft.Data.SqlClient.SqlCommand.FinishExecuteReader(SqlDataReader ds, RunBehavior runBehavior, String resetOptionsString, Boolean isInternal, Boolean forDescribeParameterEncryption, Boolean shouldCacheForAlwaysEncrypted)
   at Microsoft.Data.SqlClient.SqlCommand.RunExecuteReaderTds(CommandBehavior cmdBehavior, RunBehavior runBehavior, Boolean returnStream, Boolean isAsync, Int32 timeout, Task& task, Boolean asyncWrite, Boolean inRetry, SqlDataReader ds, Boolean describeParameterEncryptionRequest)
   at Microsoft.Data.SqlClient.SqlCommand.RunExecuteReader(CommandBehavior cmdBehavior, RunBehavior runBehavior, Boolean returnStream, TaskCompletionSource`1 completion, Int32 timeout, Task& task, Boolean& usedCache, Boolean asyncWrite, Boolean inRetry, String method)
   at Microsoft.Data.SqlClient.SqlCommand.RunExecuteReader(CommandBehavior cmdBehavior, RunBehavior runBehavior, Boolean returnStream, String method)
   at Microsoft.Data.SqlClient.SqlCommand.ExecuteReader(CommandBehavior behavior)
   at Microsoft.Data.SqlClient.SqlCommand.ExecuteDbDataReader(CommandBehavior behavior)
   at System.Data.Common.DbCommand.ExecuteReader()
   at Microsoft.EntityFrameworkCore.Storage.RelationalCommand.ExecuteReader(RelationalCommandParameterObject parameterObject)
   at Microsoft.EntityFrameworkCore.Query.Internal.SingleQueryingEnumerable`1.Enumerator.InitializeReader(DbContext _, Boolean result)
   at Microsoft.EntityFrameworkCore.SqlServer.Storage.Internal.SqlServerExecutionStrategy.Execute[TState,TResult](TState state, Func`3 operation, Func`3 verifySucceeded)
   at Microsoft.EntityFrameworkCore.Query.Internal.SingleQueryingEnumerable`1.Enumerator.MoveNext()
   at System.Collections.Generic.List`1..ctor(IEnumerable`1 collection)
   at System.Linq.Enumerable.ToList[TSource](IEnumerable`1 source)
   at Books365.PL.Notifications.Load_Table(Object sender, RoutedEventArgs e) in C:\Users\Vovchyk Halamaha\source\repos\Book Project\Books365\PL\Notifications.xaml.cs:line 104
ClientConnectionId:43893c94-4eba-436a-b595-b1336dd44c33
Error Number:207,State:1,Class:16 
2020-12-14 18:35:30.2798||INFO|Books365.MainWindow|User was logged into system 
2020-12-14 18:35:35.1484||ERROR|Books365.PL.Notifications|Database connection is not avaliable Invalid column name 'IsEnabled'. 
2020-12-14 18:35:35.1872||ERROR|Books365.PL.Notifications|Database connection is not available Microsoft.Data.SqlClient.SqlException (0x80131904): Invalid column name 'IsEnabled'.
   at Microsoft.Data.SqlClient.SqlConnection.OnError(SqlException exception, Boolean breakConnection, Action`1 wrapCloseInAction)
   at Microsoft.Data.SqlClient.SqlInternalConnection.OnError(SqlException exception, Boolean breakConnection, Action`1 wrapCloseInAction)
   at Microsoft.Data.SqlClient.TdsParser.ThrowExceptionAndWarning(TdsParserStateObject stateObj, Boolean callerHasConnectionLock, Boolean asyncClose)
   at Microsoft.Data.SqlClient.TdsParser.TryRun(RunBehavior runBehavior, SqlCommand cmdHandler, SqlDataReader dataStream, BulkCopySimpleResultSet bulkCopyHandler, TdsParserStateObject stateObj, Boolean& dataReady)
   at Microsoft.Data.SqlClient.SqlDataReader.TryConsumeMetaData()
   at Microsoft.Data.SqlClient.SqlDataReader.get_MetaData()
   at Microsoft.Data.SqlClient.SqlCommand.FinishExecuteReader(SqlDataReader ds, RunBehavior runBehavior, String resetOptionsString, Boolean isInternal, Boolean forDescribeParameterEncryption, Boolean shouldCacheForAlwaysEncrypted)
   at Microsoft.Data.SqlClient.SqlCommand.RunExecuteReaderTds(CommandBehavior cmdBehavior, RunBehavior runBehavior, Boolean returnStream, Boolean isAsync, Int32 timeout, Task& task, Boolean asyncWrite, Boolean inRetry, SqlDataReader ds, Boolean describeParameterEncryptionRequest)
   at Microsoft.Data.SqlClient.SqlCommand.RunExecuteReader(CommandBehavior cmdBehavior, RunBehavior runBehavior, Boolean returnStream, TaskCompletionSource`1 completion, Int32 timeout, Task& task, Boolean& usedCache, Boolean asyncWrite, Boolean inRetry, String method)
   at Microsoft.Data.SqlClient.SqlCommand.RunExecuteReader(CommandBehavior cmdBehavior, RunBehavior runBehavior, Boolean returnStream, String method)
   at Microsoft.Data.SqlClient.SqlCommand.ExecuteReader(CommandBehavior behavior)
   at Microsoft.Data.SqlClient.SqlCommand.ExecuteDbDataReader(CommandBehavior behavior)
   at System.Data.Common.DbCommand.ExecuteReader()
   at Microsoft.EntityFrameworkCore.Storage.RelationalCommand.ExecuteReader(RelationalCommandParameterObject parameterObject)
   at Microsoft.EntityFrameworkCore.Query.Internal.SingleQueryingEnumerable`1.Enumerator.InitializeReader(DbContext _, Boolean result)
   at Microsoft.EntityFrameworkCore.SqlServer.Storage.Internal.SqlServerExecutionStrategy.Execute[TState,TResult](TState state, Func`3 operation, Func`3 verifySucceeded)
   at Microsoft.EntityFrameworkCore.Query.Internal.SingleQueryingEnumerable`1.Enumerator.MoveNext()
   at System.Collections.Generic.List`1..ctor(IEnumerable`1 collection)
   at System.Linq.Enumerable.ToList[TSource](IEnumerable`1 source)
   at Books365.PL.Notifications.Load_Table(Object sender, RoutedEventArgs e) in C:\Users\Vovchyk Halamaha\source\repos\Book Project\Books365\PL\Notifications.xaml.cs:line 104
ClientConnectionId:e5ce1a42-4c10-46c0-9ef5-5d61a49639bb
Error Number:207,State:1,Class:16 
2020-12-14 18:38:52.9747||INFO|Books365.MainWindow|User was logged into system 
2020-12-14 18:46:00.7273||INFO|Books365.MainWindow|User was logged into system 
2020-12-14 18:47:00.7633||ERROR|Books365.PL.Notifications|Database connection is not avaliable Invalid column name 'IsEnabled'. 
2020-12-14 18:47:00.8034||ERROR|Books365.PL.Notifications|Database connection is not available Microsoft.Data.SqlClient.SqlException (0x80131904): Invalid column name 'IsEnabled'.
   at Microsoft.Data.SqlClient.SqlConnection.OnError(SqlException exception, Boolean breakConnection, Action`1 wrapCloseInAction)
   at Microsoft.Data.SqlClient.SqlInternalConnection.OnError(SqlException exception, Boolean breakConnection, Action`1 wrapCloseInAction)
   at Microsoft.Data.SqlClient.TdsParser.ThrowExceptionAndWarning(TdsParserStateObject stateObj, Boolean callerHasConnectionLock, Boolean asyncClose)
   at Microsoft.Data.SqlClient.TdsParser.TryRun(RunBehavior runBehavior, SqlCommand cmdHandler, SqlDataReader dataStream, BulkCopySimpleResultSet bulkCopyHandler, TdsParserStateObject stateObj, Boolean& dataReady)
   at Microsoft.Data.SqlClient.SqlDataReader.TryConsumeMetaData()
   at Microsoft.Data.SqlClient.SqlDataReader.get_MetaData()
   at Microsoft.Data.SqlClient.SqlCommand.FinishExecuteReader(SqlDataReader ds, RunBehavior runBehavior, String resetOptionsString, Boolean isInternal, Boolean forDescribeParameterEncryption, Boolean shouldCacheForAlwaysEncrypted)
   at Microsoft.Data.SqlClient.SqlCommand.RunExecuteReaderTds(CommandBehavior cmdBehavior, RunBehavior runBehavior, Boolean returnStream, Boolean isAsync, Int32 timeout, Task& task, Boolean asyncWrite, Boolean inRetry, SqlDataReader ds, Boolean describeParameterEncryptionRequest)
   at Microsoft.Data.SqlClient.SqlCommand.RunExecuteReader(CommandBehavior cmdBehavior, RunBehavior runBehavior, Boolean returnStream, TaskCompletionSource`1 completion, Int32 timeout, Task& task, Boolean& usedCache, Boolean asyncWrite, Boolean inRetry, String method)
   at Microsoft.Data.SqlClient.SqlCommand.RunExecuteReader(CommandBehavior cmdBehavior, RunBehavior runBehavior, Boolean returnStream, String method)
   at Microsoft.Data.SqlClient.SqlCommand.ExecuteReader(CommandBehavior behavior)
   at Microsoft.Data.SqlClient.SqlCommand.ExecuteDbDataReader(CommandBehavior behavior)
   at System.Data.Common.DbCommand.ExecuteReader()
   at Microsoft.EntityFrameworkCore.Storage.RelationalCommand.ExecuteReader(RelationalCommandParameterObject parameterObject)
   at Microsoft.EntityFrameworkCore.Query.Internal.SingleQueryingEnumerable`1.Enumerator.InitializeReader(DbContext _, Boolean result)
   at Microsoft.EntityFrameworkCore.SqlServer.Storage.Internal.SqlServerExecutionStrategy.Execute[TState,TResult](TState state, Func`3 operation, Func`3 verifySucceeded)
   at Microsoft.EntityFrameworkCore.Query.Internal.SingleQueryingEnumerable`1.Enumerator.MoveNext()
   at System.Collections.Generic.List`1..ctor(IEnumerable`1 collection)
   at System.Linq.Enumerable.ToList[TSource](IEnumerable`1 source)
   at Books365.PL.Notifications.Load_Table(Object sender, RoutedEventArgs e) in C:\Users\Vovchyk Halamaha\source\repos\Book Project\Books365\PL\Notifications.xaml.cs:line 104
ClientConnectionId:eaf2c665-5bd1-4289-ab81-30ddba560eac
Error Number:207,State:1,Class:16 
2020-12-14 18:48:39.9931||INFO|Books365.MainWindow|User was logged into system 
2020-12-14 18:48:45.9461||ERROR|Books365.PL.Notifications|Database connection is not avaliable Invalid column name 'IsEnabled'. 
2020-12-14 18:48:45.9848||ERROR|Books365.PL.Notifications|Database connection is not available Microsoft.Data.SqlClient.SqlException (0x80131904): Invalid column name 'IsEnabled'.
   at Microsoft.Data.SqlClient.SqlConnection.OnError(SqlException exception, Boolean breakConnection, Action`1 wrapCloseInAction)
   at Microsoft.Data.SqlClient.SqlInternalConnection.OnError(SqlException exception, Boolean breakConnection, Action`1 wrapCloseInAction)
   at Microsoft.Data.SqlClient.TdsParser.ThrowExceptionAndWarning(TdsParserStateObject stateObj, Boolean callerHasConnectionLock, Boolean asyncClose)
   at Microsoft.Data.SqlClient.TdsParser.TryRun(RunBehavior runBehavior, SqlCommand cmdHandler, SqlDataReader dataStream, BulkCopySimpleResultSet bulkCopyHandler, TdsParserStateObject stateObj, Boolean& dataReady)
   at Microsoft.Data.SqlClient.SqlDataReader.TryConsumeMetaData()
   at Microsoft.Data.SqlClient.SqlDataReader.get_MetaData()
   at Microsoft.Data.SqlClient.SqlCommand.FinishExecuteReader(SqlDataReader ds, RunBehavior runBehavior, String resetOptionsString, Boolean isInternal, Boolean forDescribeParameterEncryption, Boolean shouldCacheForAlwaysEncrypted)
   at Microsoft.Data.SqlClient.SqlCommand.RunExecuteReaderTds(CommandBehavior cmdBehavior, RunBehavior runBehavior, Boolean returnStream, Boolean isAsync, Int32 timeout, Task& task, Boolean asyncWrite, Boolean inRetry, SqlDataReader ds, Boolean describeParameterEncryptionRequest)
   at Microsoft.Data.SqlClient.SqlCommand.RunExecuteReader(CommandBehavior cmdBehavior, RunBehavior runBehavior, Boolean returnStream, TaskCompletionSource`1 completion, Int32 timeout, Task& task, Boolean& usedCache, Boolean asyncWrite, Boolean inRetry, String method)
   at Microsoft.Data.SqlClient.SqlCommand.RunExecuteReader(CommandBehavior cmdBehavior, RunBehavior runBehavior, Boolean returnStream, String method)
   at Microsoft.Data.SqlClient.SqlCommand.ExecuteReader(CommandBehavior behavior)
   at Microsoft.Data.SqlClient.SqlCommand.ExecuteDbDataReader(CommandBehavior behavior)
   at System.Data.Common.DbCommand.ExecuteReader()
   at Microsoft.EntityFrameworkCore.Storage.RelationalCommand.ExecuteReader(RelationalCommandParameterObject parameterObject)
   at Microsoft.EntityFrameworkCore.Query.Internal.SingleQueryingEnumerable`1.Enumerator.InitializeReader(DbContext _, Boolean result)
   at Microsoft.EntityFrameworkCore.SqlServer.Storage.Internal.SqlServerExecutionStrategy.Execute[TState,TResult](TState state, Func`3 operation, Func`3 verifySucceeded)
   at Microsoft.EntityFrameworkCore.Query.Internal.SingleQueryingEnumerable`1.Enumerator.MoveNext()
   at System.Collections.Generic.List`1..ctor(IEnumerable`1 collection)
   at System.Linq.Enumerable.ToList[TSource](IEnumerable`1 source)
   at Books365.PL.Notifications.Load_Table(Object sender, RoutedEventArgs e) in C:\Users\Vovchyk Halamaha\source\repos\Book Project\Books365\PL\Notifications.xaml.cs:line 104
ClientConnectionId:75696ccb-60b6-450b-813b-31092c05204d
Error Number:207,State:1,Class:16 
2020-12-14 18:51:25.3942||INFO|Books365.MainWindow|User was logged into system 
2020-12-14 18:51:28.3013||ERROR|Books365.PL.Notifications|Database connection is not avaliable Invalid column name 'IsEnabled'. 
2020-12-14 18:51:36.9308||ERROR|Books365.PL.Notifications|Database connection is not available Microsoft.Data.SqlClient.SqlException (0x80131904): Invalid column name 'IsEnabled'.
   at Microsoft.Data.SqlClient.SqlConnection.OnError(SqlException exception, Boolean breakConnection, Action`1 wrapCloseInAction)
   at Microsoft.Data.SqlClient.SqlInternalConnection.OnError(SqlException exception, Boolean breakConnection, Action`1 wrapCloseInAction)
   at Microsoft.Data.SqlClient.TdsParser.ThrowExceptionAndWarning(TdsParserStateObject stateObj, Boolean callerHasConnectionLock, Boolean asyncClose)
   at Microsoft.Data.SqlClient.TdsParser.TryRun(RunBehavior runBehavior, SqlCommand cmdHandler, SqlDataReader dataStream, BulkCopySimpleResultSet bulkCopyHandler, TdsParserStateObject stateObj, Boolean& dataReady)
   at Microsoft.Data.SqlClient.SqlDataReader.TryConsumeMetaData()
   at Microsoft.Data.SqlClient.SqlDataReader.get_MetaData()
   at Microsoft.Data.SqlClient.SqlCommand.FinishExecuteReader(SqlDataReader ds, RunBehavior runBehavior, String resetOptionsString, Boolean isInternal, Boolean forDescribeParameterEncryption, Boolean shouldCacheForAlwaysEncrypted)
   at Microsoft.Data.SqlClient.SqlCommand.RunExecuteReaderTds(CommandBehavior cmdBehavior, RunBehavior runBehavior, Boolean returnStream, Boolean isAsync, Int32 timeout, Task& task, Boolean asyncWrite, Boolean inRetry, SqlDataReader ds, Boolean describeParameterEncryptionRequest)
   at Microsoft.Data.SqlClient.SqlCommand.RunExecuteReader(CommandBehavior cmdBehavior, RunBehavior runBehavior, Boolean returnStream, TaskCompletionSource`1 completion, Int32 timeout, Task& task, Boolean& usedCache, Boolean asyncWrite, Boolean inRetry, String method)
   at Microsoft.Data.SqlClient.SqlCommand.RunExecuteReader(CommandBehavior cmdBehavior, RunBehavior runBehavior, Boolean returnStream, String method)
   at Microsoft.Data.SqlClient.SqlCommand.ExecuteReader(CommandBehavior behavior)
   at Microsoft.Data.SqlClient.SqlCommand.ExecuteDbDataReader(CommandBehavior behavior)
   at System.Data.Common.DbCommand.ExecuteReader()
   at Microsoft.EntityFrameworkCore.Storage.RelationalCommand.ExecuteReader(RelationalCommandParameterObject parameterObject)
   at Microsoft.EntityFrameworkCore.Query.Internal.SingleQueryingEnumerable`1.Enumerator.InitializeReader(DbContext _, Boolean result)
   at Microsoft.EntityFrameworkCore.SqlServer.Storage.Internal.SqlServerExecutionStrategy.Execute[TState,TResult](TState state, Func`3 operation, Func`3 verifySucceeded)
   at Microsoft.EntityFrameworkCore.Query.Internal.SingleQueryingEnumerable`1.Enumerator.MoveNext()
   at System.Collections.Generic.List`1..ctor(IEnumerable`1 collection)
   at System.Linq.Enumerable.ToList[TSource](IEnumerable`1 source)
   at Books365.PL.Notifications.Load_Table(Object sender, RoutedEventArgs e) in C:\Users\Vovchyk Halamaha\source\repos\Book Project\Books365\PL\Notifications.xaml.cs:line 104
ClientConnectionId:26f23c09-3b1a-4d45-897c-a509141ab7ca
Error Number:207,State:1,Class:16 
2020-12-14 18:52:28.4745||INFO|Books365.MainWindow|User was logged into system 
2020-12-14 19:03:53.4066||INFO|Books365.MainWindow|User vovchyk@gmail.com - was logged into system 
2020-12-14 19:06:33.6399||INFO|Books365.MainWindow|User vovchyk@gmail.com - was logged into system 
2020-12-14 19:08:04.0232||INFO|Books365.MainWindow|User vovchyk@gmail.com - was logged into system 
2020-12-14 19:08:22.1827||INFO|Books365.MainWindow|User vovchyk@gmail.com - was logged into system 
2020-12-14 19:08:24.7796||ERROR|Books365.PL.Notifications|Database connection is not avaliable Invalid object name 'Notifications'. 
2020-12-14 19:08:24.8245||ERROR|Books365.PL.Notifications|Database connection is not available Microsoft.Data.SqlClient.SqlException (0x80131904): Invalid object name 'Notifications'.
   at Microsoft.Data.SqlClient.SqlConnection.OnError(SqlException exception, Boolean breakConnection, Action`1 wrapCloseInAction)
   at Microsoft.Data.SqlClient.SqlInternalConnection.OnError(SqlException exception, Boolean breakConnection, Action`1 wrapCloseInAction)
   at Microsoft.Data.SqlClient.TdsParser.ThrowExceptionAndWarning(TdsParserStateObject stateObj, Boolean callerHasConnectionLock, Boolean asyncClose)
   at Microsoft.Data.SqlClient.TdsParser.TryRun(RunBehavior runBehavior, SqlCommand cmdHandler, SqlDataReader dataStream, BulkCopySimpleResultSet bulkCopyHandler, TdsParserStateObject stateObj, Boolean& dataReady)
   at Microsoft.Data.SqlClient.SqlDataReader.TryConsumeMetaData()
   at Microsoft.Data.SqlClient.SqlDataReader.get_MetaData()
   at Microsoft.Data.SqlClient.SqlCommand.FinishExecuteReader(SqlDataReader ds, RunBehavior runBehavior, String resetOptionsString, Boolean isInternal, Boolean forDescribeParameterEncryption, Boolean shouldCacheForAlwaysEncrypted)
   at Microsoft.Data.SqlClient.SqlCommand.RunExecuteReaderTds(CommandBehavior cmdBehavior, RunBehavior runBehavior, Boolean returnStream, Boolean isAsync, Int32 timeout, Task& task, Boolean asyncWrite, Boolean inRetry, SqlDataReader ds, Boolean describeParameterEncryptionRequest)
   at Microsoft.Data.SqlClient.SqlCommand.RunExecuteReader(CommandBehavior cmdBehavior, RunBehavior runBehavior, Boolean returnStream, TaskCompletionSource`1 completion, Int32 timeout, Task& task, Boolean& usedCache, Boolean asyncWrite, Boolean inRetry, String method)
   at Microsoft.Data.SqlClient.SqlCommand.RunExecuteReader(CommandBehavior cmdBehavior, RunBehavior runBehavior, Boolean returnStream, String method)
   at Microsoft.Data.SqlClient.SqlCommand.ExecuteReader(CommandBehavior behavior)
   at Microsoft.Data.SqlClient.SqlCommand.ExecuteDbDataReader(CommandBehavior behavior)
   at System.Data.Common.DbCommand.ExecuteReader()
   at Microsoft.EntityFrameworkCore.Storage.RelationalCommand.ExecuteReader(RelationalCommandParameterObject parameterObject)
   at Microsoft.EntityFrameworkCore.Query.Internal.SingleQueryingEnumerable`1.Enumerator.InitializeReader(DbContext _, Boolean result)
   at Microsoft.EntityFrameworkCore.SqlServer.Storage.Internal.SqlServerExecutionStrategy.Execute[TState,TResult](TState state, Func`3 operation, Func`3 verifySucceeded)
   at Microsoft.EntityFrameworkCore.Query.Internal.SingleQueryingEnumerable`1.Enumerator.MoveNext()
   at System.Collections.Generic.List`1..ctor(IEnumerable`1 collection)
   at System.Linq.Enumerable.ToList[TSource](IEnumerable`1 source)
   at Books365.PL.Notifications.Load_Table(Object sender, RoutedEventArgs e) in C:\Users\Vovchyk Halamaha\source\repos\Book Project\Books365\PL\Notifications.xaml.cs:line 104
ClientConnectionId:a607b23e-f784-4997-bf52-acb8e801599d
Error Number:208,State:1,Class:16 
2020-12-14 19:10:26.1870||INFO|Books365.MainWindow|User vovchyk@gmail.com - was logged into system 
2020-12-14 19:10:27.3208||ERROR|Books365.PL.Notifications|Database connection is not avaliable Invalid object name 'Notifications'. 
2020-12-14 19:10:27.3622||ERROR|Books365.PL.Notifications|Database connection is not available Microsoft.Data.SqlClient.SqlException (0x80131904): Invalid object name 'Notifications'.
   at Microsoft.Data.SqlClient.SqlConnection.OnError(SqlException exception, Boolean breakConnection, Action`1 wrapCloseInAction)
   at Microsoft.Data.SqlClient.SqlInternalConnection.OnError(SqlException exception, Boolean breakConnection, Action`1 wrapCloseInAction)
   at Microsoft.Data.SqlClient.TdsParser.ThrowExceptionAndWarning(TdsParserStateObject stateObj, Boolean callerHasConnectionLock, Boolean asyncClose)
   at Microsoft.Data.SqlClient.TdsParser.TryRun(RunBehavior runBehavior, SqlCommand cmdHandler, SqlDataReader dataStream, BulkCopySimpleResultSet bulkCopyHandler, TdsParserStateObject stateObj, Boolean& dataReady)
   at Microsoft.Data.SqlClient.SqlDataReader.TryConsumeMetaData()
   at Microsoft.Data.SqlClient.SqlDataReader.get_MetaData()
   at Microsoft.Data.SqlClient.SqlCommand.FinishExecuteReader(SqlDataReader ds, RunBehavior runBehavior, String resetOptionsString, Boolean isInternal, Boolean forDescribeParameterEncryption, Boolean shouldCacheForAlwaysEncrypted)
   at Microsoft.Data.SqlClient.SqlCommand.RunExecuteReaderTds(CommandBehavior cmdBehavior, RunBehavior runBehavior, Boolean returnStream, Boolean isAsync, Int32 timeout, Task& task, Boolean asyncWrite, Boolean inRetry, SqlDataReader ds, Boolean describeParameterEncryptionRequest)
   at Microsoft.Data.SqlClient.SqlCommand.RunExecuteReader(CommandBehavior cmdBehavior, RunBehavior runBehavior, Boolean returnStream, TaskCompletionSource`1 completion, Int32 timeout, Task& task, Boolean& usedCache, Boolean asyncWrite, Boolean inRetry, String method)
   at Microsoft.Data.SqlClient.SqlCommand.RunExecuteReader(CommandBehavior cmdBehavior, RunBehavior runBehavior, Boolean returnStream, String method)
   at Microsoft.Data.SqlClient.SqlCommand.ExecuteReader(CommandBehavior behavior)
   at Microsoft.Data.SqlClient.SqlCommand.ExecuteDbDataReader(CommandBehavior behavior)
   at System.Data.Common.DbCommand.ExecuteReader()
   at Microsoft.EntityFrameworkCore.Storage.RelationalCommand.ExecuteReader(RelationalCommandParameterObject parameterObject)
   at Microsoft.EntityFrameworkCore.Query.Internal.SingleQueryingEnumerable`1.Enumerator.InitializeReader(DbContext _, Boolean result)
   at Microsoft.EntityFrameworkCore.SqlServer.Storage.Internal.SqlServerExecutionStrategy.Execute[TState,TResult](TState state, Func`3 operation, Func`3 verifySucceeded)
   at Microsoft.EntityFrameworkCore.Query.Internal.SingleQueryingEnumerable`1.Enumerator.MoveNext()
   at System.Collections.Generic.List`1..ctor(IEnumerable`1 collection)
   at System.Linq.Enumerable.ToList[TSource](IEnumerable`1 source)
   at Books365.PL.Notifications.Load_Table(Object sender, RoutedEventArgs e) in C:\Users\Vovchyk Halamaha\source\repos\Book Project\Books365\PL\Notifications.xaml.cs:line 104
ClientConnectionId:fd890b39-43f6-4a40-bc31-0a3376052ef8
Error Number:208,State:1,Class:16 
2020-12-14 19:12:22.5732||INFO|Books365.MainWindow|User vovchyk@gmail.com - was logged into system 
2020-12-14 19:12:24.6994||ERROR|Books365.PL.Notifications|Database connection is not avaliable Invalid object name 'Notifications'. 
2020-12-14 19:12:24.7431||ERROR|Books365.PL.Notifications|Database connection is not available Microsoft.Data.SqlClient.SqlException (0x80131904): Invalid object name 'Notifications'.
   at Microsoft.Data.SqlClient.SqlConnection.OnError(SqlException exception, Boolean breakConnection, Action`1 wrapCloseInAction)
   at Microsoft.Data.SqlClient.SqlInternalConnection.OnError(SqlException exception, Boolean breakConnection, Action`1 wrapCloseInAction)
   at Microsoft.Data.SqlClient.TdsParser.ThrowExceptionAndWarning(TdsParserStateObject stateObj, Boolean callerHasConnectionLock, Boolean asyncClose)
   at Microsoft.Data.SqlClient.TdsParser.TryRun(RunBehavior runBehavior, SqlCommand cmdHandler, SqlDataReader dataStream, BulkCopySimpleResultSet bulkCopyHandler, TdsParserStateObject stateObj, Boolean& dataReady)
   at Microsoft.Data.SqlClient.SqlDataReader.TryConsumeMetaData()
   at Microsoft.Data.SqlClient.SqlDataReader.get_MetaData()
   at Microsoft.Data.SqlClient.SqlCommand.FinishExecuteReader(SqlDataReader ds, RunBehavior runBehavior, String resetOptionsString, Boolean isInternal, Boolean forDescribeParameterEncryption, Boolean shouldCacheForAlwaysEncrypted)
   at Microsoft.Data.SqlClient.SqlCommand.RunExecuteReaderTds(CommandBehavior cmdBehavior, RunBehavior runBehavior, Boolean returnStream, Boolean isAsync, Int32 timeout, Task& task, Boolean asyncWrite, Boolean inRetry, SqlDataReader ds, Boolean describeParameterEncryptionRequest)
   at Microsoft.Data.SqlClient.SqlCommand.RunExecuteReader(CommandBehavior cmdBehavior, RunBehavior runBehavior, Boolean returnStream, TaskCompletionSource`1 completion, Int32 timeout, Task& task, Boolean& usedCache, Boolean asyncWrite, Boolean inRetry, String method)
   at Microsoft.Data.SqlClient.SqlCommand.RunExecuteReader(CommandBehavior cmdBehavior, RunBehavior runBehavior, Boolean returnStream, String method)
   at Microsoft.Data.SqlClient.SqlCommand.ExecuteReader(CommandBehavior behavior)
   at Microsoft.Data.SqlClient.SqlCommand.ExecuteDbDataReader(CommandBehavior behavior)
   at System.Data.Common.DbCommand.ExecuteReader()
   at Microsoft.EntityFrameworkCore.Storage.RelationalCommand.ExecuteReader(RelationalCommandParameterObject parameterObject)
   at Microsoft.EntityFrameworkCore.Query.Internal.SingleQueryingEnumerable`1.Enumerator.InitializeReader(DbContext _, Boolean result)
   at Microsoft.EntityFrameworkCore.SqlServer.Storage.Internal.SqlServerExecutionStrategy.Execute[TState,TResult](TState state, Func`3 operation, Func`3 verifySucceeded)
   at Microsoft.EntityFrameworkCore.Query.Internal.SingleQueryingEnumerable`1.Enumerator.MoveNext()
   at System.Collections.Generic.List`1..ctor(IEnumerable`1 collection)
   at System.Linq.Enumerable.ToList[TSource](IEnumerable`1 source)
   at Books365.PL.Notifications.Load_Table(Object sender, RoutedEventArgs e) in C:\Users\Vovchyk Halamaha\source\repos\Book Project\Books365\PL\Notifications.xaml.cs:line 104
ClientConnectionId:e8e7dafa-e384-411b-ab4c-67dc6adef909
Error Number:208,State:1,Class:16 
2020-12-14 19:30:48.1736||DEBUG|Books365.PL.Register|Registration is failed, users information is incorrect 
2020-12-14 19:30:56.1193||INFO|Books365.PL.Register|User was added System.Windows.Controls.TextBox: Halamaha 
2020-12-14 19:31:00.2589||ERROR|Books365.PL.Notifications|Database connection is not avaliable Invalid column name 'IsEnabled'. 
2020-12-14 19:31:00.2977||ERROR|Books365.PL.Notifications|Database connection is not available Microsoft.Data.SqlClient.SqlException (0x80131904): Invalid column name 'IsEnabled'.
   at Microsoft.Data.SqlClient.SqlConnection.OnError(SqlException exception, Boolean breakConnection, Action`1 wrapCloseInAction)
   at Microsoft.Data.SqlClient.SqlInternalConnection.OnError(SqlException exception, Boolean breakConnection, Action`1 wrapCloseInAction)
   at Microsoft.Data.SqlClient.TdsParser.ThrowExceptionAndWarning(TdsParserStateObject stateObj, Boolean callerHasConnectionLock, Boolean asyncClose)
   at Microsoft.Data.SqlClient.TdsParser.TryRun(RunBehavior runBehavior, SqlCommand cmdHandler, SqlDataReader dataStream, BulkCopySimpleResultSet bulkCopyHandler, TdsParserStateObject stateObj, Boolean& dataReady)
   at Microsoft.Data.SqlClient.SqlDataReader.TryConsumeMetaData()
   at Microsoft.Data.SqlClient.SqlDataReader.get_MetaData()
   at Microsoft.Data.SqlClient.SqlCommand.FinishExecuteReader(SqlDataReader ds, RunBehavior runBehavior, String resetOptionsString, Boolean isInternal, Boolean forDescribeParameterEncryption, Boolean shouldCacheForAlwaysEncrypted)
   at Microsoft.Data.SqlClient.SqlCommand.RunExecuteReaderTds(CommandBehavior cmdBehavior, RunBehavior runBehavior, Boolean returnStream, Boolean isAsync, Int32 timeout, Task& task, Boolean asyncWrite, Boolean inRetry, SqlDataReader ds, Boolean describeParameterEncryptionRequest)
   at Microsoft.Data.SqlClient.SqlCommand.RunExecuteReader(CommandBehavior cmdBehavior, RunBehavior runBehavior, Boolean returnStream, TaskCompletionSource`1 completion, Int32 timeout, Task& task, Boolean& usedCache, Boolean asyncWrite, Boolean inRetry, String method)
   at Microsoft.Data.SqlClient.SqlCommand.RunExecuteReader(CommandBehavior cmdBehavior, RunBehavior runBehavior, Boolean returnStream, String method)
   at Microsoft.Data.SqlClient.SqlCommand.ExecuteReader(CommandBehavior behavior)
   at Microsoft.Data.SqlClient.SqlCommand.ExecuteDbDataReader(CommandBehavior behavior)
   at System.Data.Common.DbCommand.ExecuteReader()
   at Microsoft.EntityFrameworkCore.Storage.RelationalCommand.ExecuteReader(RelationalCommandParameterObject parameterObject)
   at Microsoft.EntityFrameworkCore.Query.Internal.SingleQueryingEnumerable`1.Enumerator.InitializeReader(DbContext _, Boolean result)
   at Microsoft.EntityFrameworkCore.SqlServer.Storage.Internal.SqlServerExecutionStrategy.Execute[TState,TResult](TState state, Func`3 operation, Func`3 verifySucceeded)
   at Microsoft.EntityFrameworkCore.Query.Internal.SingleQueryingEnumerable`1.Enumerator.MoveNext()
   at System.Collections.Generic.List`1..ctor(IEnumerable`1 collection)
   at System.Linq.Enumerable.ToList[TSource](IEnumerable`1 source)
   at Books365.PL.Notifications.Load_Table(Object sender, RoutedEventArgs e) in C:\Users\Vovchyk Halamaha\source\repos\Book Project\Books365\PL\Notifications.xaml.cs:line 104
ClientConnectionId:31508a01-00df-4694-bc94-7efe3f7ea6df
Error Number:207,State:1,Class:16 
2020-12-14 19:31:39.2117||INFO|Books365.MainWindow|User vovchyk@gmail.com - was logged into system 
2020-12-14 19:31:43.4972||ERROR|Books365.PL.Notifications|Database connection is not avaliable Invalid column name 'IsEnabled'. 
2020-12-14 19:31:43.5429||ERROR|Books365.PL.Notifications|Database connection is not available Microsoft.Data.SqlClient.SqlException (0x80131904): Invalid column name 'IsEnabled'.
   at Microsoft.Data.SqlClient.SqlConnection.OnError(SqlException exception, Boolean breakConnection, Action`1 wrapCloseInAction)
   at Microsoft.Data.SqlClient.SqlInternalConnection.OnError(SqlException exception, Boolean breakConnection, Action`1 wrapCloseInAction)
   at Microsoft.Data.SqlClient.TdsParser.ThrowExceptionAndWarning(TdsParserStateObject stateObj, Boolean callerHasConnectionLock, Boolean asyncClose)
   at Microsoft.Data.SqlClient.TdsParser.TryRun(RunBehavior runBehavior, SqlCommand cmdHandler, SqlDataReader dataStream, BulkCopySimpleResultSet bulkCopyHandler, TdsParserStateObject stateObj, Boolean& dataReady)
   at Microsoft.Data.SqlClient.SqlDataReader.TryConsumeMetaData()
   at Microsoft.Data.SqlClient.SqlDataReader.get_MetaData()
   at Microsoft.Data.SqlClient.SqlCommand.FinishExecuteReader(SqlDataReader ds, RunBehavior runBehavior, String resetOptionsString, Boolean isInternal, Boolean forDescribeParameterEncryption, Boolean shouldCacheForAlwaysEncrypted)
   at Microsoft.Data.SqlClient.SqlCommand.RunExecuteReaderTds(CommandBehavior cmdBehavior, RunBehavior runBehavior, Boolean returnStream, Boolean isAsync, Int32 timeout, Task& task, Boolean asyncWrite, Boolean inRetry, SqlDataReader ds, Boolean describeParameterEncryptionRequest)
   at Microsoft.Data.SqlClient.SqlCommand.RunExecuteReader(CommandBehavior cmdBehavior, RunBehavior runBehavior, Boolean returnStream, TaskCompletionSource`1 completion, Int32 timeout, Task& task, Boolean& usedCache, Boolean asyncWrite, Boolean inRetry, String method)
   at Microsoft.Data.SqlClient.SqlCommand.RunExecuteReader(CommandBehavior cmdBehavior, RunBehavior runBehavior, Boolean returnStream, String method)
   at Microsoft.Data.SqlClient.SqlCommand.ExecuteReader(CommandBehavior behavior)
   at Microsoft.Data.SqlClient.SqlCommand.ExecuteDbDataReader(CommandBehavior behavior)
   at System.Data.Common.DbCommand.ExecuteReader()
   at Microsoft.EntityFrameworkCore.Storage.RelationalCommand.ExecuteReader(RelationalCommandParameterObject parameterObject)
   at Microsoft.EntityFrameworkCore.Query.Internal.SingleQueryingEnumerable`1.Enumerator.InitializeReader(DbContext _, Boolean result)
   at Microsoft.EntityFrameworkCore.SqlServer.Storage.Internal.SqlServerExecutionStrategy.Execute[TState,TResult](TState state, Func`3 operation, Func`3 verifySucceeded)
   at Microsoft.EntityFrameworkCore.Query.Internal.SingleQueryingEnumerable`1.Enumerator.MoveNext()
   at System.Collections.Generic.List`1..ctor(IEnumerable`1 collection)
   at System.Linq.Enumerable.ToList[TSource](IEnumerable`1 source)
   at Books365.PL.Notifications.Load_Table(Object sender, RoutedEventArgs e) in C:\Users\Vovchyk Halamaha\source\repos\Book Project\Books365\PL\Notifications.xaml.cs:line 104
ClientConnectionId:52d48ad3-9ae6-461e-84b9-5638dabc3a27
Error Number:207,State:1,Class:16 
2020-12-14 19:31:53.1309||INFO|Books365.MainWindow|User vovchyk@gmail.com - was logged into system 
2020-12-14 19:31:55.2483||ERROR|Books365.PL.Notifications|Database connection is not avaliable Invalid column name 'IsEnabled'. 
2020-12-14 19:32:17.1082||ERROR|Books365.PL.Notifications|Database connection is not available Microsoft.Data.SqlClient.SqlException (0x80131904): Invalid column name 'IsEnabled'.
   at Microsoft.Data.SqlClient.SqlConnection.OnError(SqlException exception, Boolean breakConnection, Action`1 wrapCloseInAction)
   at Microsoft.Data.SqlClient.SqlInternalConnection.OnError(SqlException exception, Boolean breakConnection, Action`1 wrapCloseInAction)
   at Microsoft.Data.SqlClient.TdsParser.ThrowExceptionAndWarning(TdsParserStateObject stateObj, Boolean callerHasConnectionLock, Boolean asyncClose)
   at Microsoft.Data.SqlClient.TdsParser.TryRun(RunBehavior runBehavior, SqlCommand cmdHandler, SqlDataReader dataStream, BulkCopySimpleResultSet bulkCopyHandler, TdsParserStateObject stateObj, Boolean& dataReady)
   at Microsoft.Data.SqlClient.SqlDataReader.TryConsumeMetaData()
   at Microsoft.Data.SqlClient.SqlDataReader.get_MetaData()
   at Microsoft.Data.SqlClient.SqlCommand.FinishExecuteReader(SqlDataReader ds, RunBehavior runBehavior, String resetOptionsString, Boolean isInternal, Boolean forDescribeParameterEncryption, Boolean shouldCacheForAlwaysEncrypted)
   at Microsoft.Data.SqlClient.SqlCommand.RunExecuteReaderTds(CommandBehavior cmdBehavior, RunBehavior runBehavior, Boolean returnStream, Boolean isAsync, Int32 timeout, Task& task, Boolean asyncWrite, Boolean inRetry, SqlDataReader ds, Boolean describeParameterEncryptionRequest)
   at Microsoft.Data.SqlClient.SqlCommand.RunExecuteReader(CommandBehavior cmdBehavior, RunBehavior runBehavior, Boolean returnStream, TaskCompletionSource`1 completion, Int32 timeout, Task& task, Boolean& usedCache, Boolean asyncWrite, Boolean inRetry, String method)
   at Microsoft.Data.SqlClient.SqlCommand.RunExecuteReader(CommandBehavior cmdBehavior, RunBehavior runBehavior, Boolean returnStream, String method)
   at Microsoft.Data.SqlClient.SqlCommand.ExecuteReader(CommandBehavior behavior)
   at Microsoft.Data.SqlClient.SqlCommand.ExecuteDbDataReader(CommandBehavior behavior)
   at System.Data.Common.DbCommand.ExecuteReader()
   at Microsoft.EntityFrameworkCore.Storage.RelationalCommand.ExecuteReader(RelationalCommandParameterObject parameterObject)
   at Microsoft.EntityFrameworkCore.Query.Internal.SingleQueryingEnumerable`1.Enumerator.InitializeReader(DbContext _, Boolean result)
   at Microsoft.EntityFrameworkCore.SqlServer.Storage.Internal.SqlServerExecutionStrategy.Execute[TState,TResult](TState state, Func`3 operation, Func`3 verifySucceeded)
   at Microsoft.EntityFrameworkCore.Query.Internal.SingleQueryingEnumerable`1.Enumerator.MoveNext()
   at System.Collections.Generic.List`1..ctor(IEnumerable`1 collection)
   at System.Linq.Enumerable.ToList[TSource](IEnumerable`1 source)
   at Books365.PL.Notifications.Load_Table(Object sender, RoutedEventArgs e) in C:\Users\Vovchyk Halamaha\source\repos\Book Project\Books365\PL\Notifications.xaml.cs:line 104
ClientConnectionId:04202cd7-5666-46c3-8d80-16bdd1240ed2
Error Number:207,State:1,Class:16 
2020-12-14 19:34:11.7169||INFO|Books365.MainWindow|User vovchyk@gmail.com - was logged into system 
2020-12-14 19:34:32.1609||INFO|Books365.PL.AddNotification|Notification Read GreenLights - was added by vovchyk@gmail.com 
2020-12-14 19:34:50.9210||INFO|Books365.MainWindow|User vovchyk@gmail.com - was logged into system 
2020-12-14 19:35:12.7262||INFO|Books365.PL.AddNotification|Notification Volodymyr Test - was added by vovchyk@gmail.com 
2020-12-14 19:35:32.6703||INFO|Books365.PL.AddNotification|Notification Read more today,please - was added by vovchyk@gmail.com 
2020-12-14 19:35:55.2980||INFO|Books365.PL.AddNotification|Notification Gulliver - was added by vovchyk@gmail.com 
2020-12-14 19:36:12.9792||INFO|Books365.PL.AddNotification|Notification Have to read Harry Potter - was added by vovchyk@gmail.com 
2020-12-14 19:36:29.9494||INFO|Books365.PL.AddNotification|Notification Additional book - was added by vovchyk@gmail.com 
2020-12-14 19:36:53.5970||INFO|Books365.PL.AddNotification|Notification Read immediately!!! - was added by vovchyk@gmail.com 
2020-12-14 19:37:18.4174||INFO|Books365.PL.AddNotification|Notification Some book - was added by vovchyk@gmail.com 
2020-12-14 19:37:18.5714||INFO|Books365.PL.Notifications|Notifications Some book - was sended to vovchyk@gmail.com 
2020-12-14 19:37:57.8176||INFO|Books365.PL.AddNotification|Notification Read Harry Potter - 2 - was added by vovchyk@gmail.com 
2020-12-14 19:37:57.9311||INFO|Books365.PL.Notifications|Notifications Some book - was sended to vovchyk@gmail.com 
2020-12-14 19:38:21.4787||INFO|Books365.PL.AddNotification|Notification My Test - was added by vovchyk@gmail.com 
2020-12-14 19:38:21.6046||INFO|Books365.PL.Notifications|Notifications Some book - was sended to vovchyk@gmail.com 
2020-12-14 19:39:03.7803||INFO|Books365.PL.AddNotification|Notification Today i have to read 1984 - was added by vovchyk@gmail.com 
2020-12-14 19:39:03.8883||INFO|Books365.PL.Notifications|Notifications Some book - was sended to vovchyk@gmail.com 
2020-12-14 19:39:24.8728||INFO|Books365.PL.Notifications|Notifications Some book - was sended to vovchyk@gmail.com 
2020-12-14 20:52:14.6973||INFO|Books365.MainWindow|User KyryloHalmiz@gmail.com - was logged into system 
2020-12-14 20:53:56.9848||INFO|Books365.MainWindow|User KyryloHalmiz@gmail.com - was logged into system 
2020-12-14 20:57:08.3328||INFO|Books365.MainWindow|User KyryloHalmiz@gmail.com - was logged into system 
2020-12-14 20:57:09.8742||INFO|Books365.PL.Window1|User KyryloHalmiz@gmail.com  -  was logged out 
2020-12-14 21:06:58.7610||INFO|Books365.PL.Login|User KyryloHalmiz@gmail.com - was logged in 
2020-12-14 21:08:26.8210||INFO|Books365.MainWindow|User KyryloHalmiz@gmail.com - was logged into system 
2020-12-14 21:11:53.8865||INFO|Books365.MainWindow|User KyryloHalmiz@gmail.com - was logged into system 
2020-12-14 21:16:06.2437||INFO|Books365.MainWindow|User KyryloHalmiz@gmail.com - was logged into system 
2020-12-14 21:16:21.4595||INFO|Books365.PL.AddNotification|Notification Read something - was added by KyryloHalmiz@gmail.com 
2020-12-14 21:17:06.2699||INFO|Books365.PL.AddNotification|Notification READ!!!!! - was added by KyryloHalmiz@gmail.com 
2020-12-14 21:17:06.3849||INFO|Books365.PL.Notifications|Notifications READ!!!!! - was sended to KyryloHalmiz@gmail.com 
2020-12-14 21:18:06.4904||INFO|Books365.PL.Notifications|Notifications READ!!!!! - was sended to KyryloHalmiz@gmail.com 
2020-12-14 21:18:31.8308||INFO|Books365.PL.Notifications|Notifications READ!!!!! - was sended to KyryloHalmiz@gmail.com 
2020-12-14 21:23:31.6371||INFO|Books365.MainWindow|User KyryloHalmiz@gmail.com - was logged into system 
2020-12-14 21:23:47.6428||INFO|Books365.PL.Notifications|Notifications READ!!!!! - was sended to KyryloHalmiz@gmail.com 
2020-12-14 21:23:56.0250||INFO|Books365.PL.Notifications|Notifications READ!!!!! - was sended to KyryloHalmiz@gmail.com 
2020-12-14 21:24:39.7449||INFO|Books365.MainWindow|User KyryloHalmiz@gmail.com - was logged into system 
2020-12-14 21:24:41.3728||INFO|Books365.PL.Notifications|Notifications READ!!!!! - was sended to KyryloHalmiz@gmail.com 
2020-12-14 21:25:15.6281||INFO|Books365.PL.AddNotification|Notification Hello ma friend - was added by KyryloHalmiz@gmail.com 
2020-12-14 21:25:15.6969||INFO|Books365.PL.Notifications|Notifications Hello ma friend - was sended to KyryloHalmiz@gmail.com 
2020-12-14 21:25:15.6969||INFO|Books365.PL.Notifications|Notifications READ!!!!! - was sended to KyryloHalmiz@gmail.com 
2020-12-14 21:25:22.9746||INFO|Books365.PL.Notifications|Notifications Hello ma friend - was sended to KyryloHalmiz@gmail.com 
2020-12-14 21:25:41.8716||INFO|Books365.PL.Window1|User KyryloHalmiz@gmail.com  -  was logged out 
2020-12-14 21:27:20.1567||INFO|Books365.PL.Login|User KyryloHalmiz@gmail.com - was logged in 
2020-12-14 21:28:12.2388||INFO|Books365.PL.AddBook|BookAragorn 4 was added to library 
2020-12-14 21:35:19.3402||INFO|Books365.MainWindow|User KyryloHalmiz@gmail.com - was logged into system 
2020-12-14 21:36:54.7813||INFO|Books365.MainWindow|User KyryloHalmiz@gmail.com - was logged into system 
2020-12-14 21:40:00.4591||INFO|Books365.MainWindow|User KyryloHalmiz@gmail.com - was logged into system 
2020-12-14 21:40:12.4754||INFO|Books365.PL.Notifications|Notifications Hello ma friend - was sended to KyryloHalmiz@gmail.com 
2020-12-14 21:46:37.4257||INFO|Books365.MainWindow|User KyryloHalmiz@gmail.com - was logged into system 
2020-12-14 21:47:59.6076||INFO|Books365.MainWindow|User KyryloHalmiz@gmail.com - was logged into system 
2020-12-14 21:48:05.7986||INFO|Books365.PL.Notifications|Notifications Hello ma friend - was sended to KyryloHalmiz@gmail.com 
2020-12-14 21:50:05.0053||INFO|Books365.MainWindow|User KyryloHalmiz@gmail.com - was logged into system 
2020-12-14 21:50:07.0143||INFO|Books365.PL.Notifications|Notifications Hello ma friend - was sended to KyryloHalmiz@gmail.com 
2020-12-14 21:50:32.9753||INFO|Books365.MainWindow|User KyryloHalmiz@gmail.com - was logged into system 
2020-12-14 21:50:36.3715||INFO|Books365.PL.Notifications|Notifications Hello ma friend - was sended to KyryloHalmiz@gmail.com 
2020-12-14 21:50:46.5392||INFO|Books365.MainWindow|User KyryloHalmiz@gmail.com - was logged into system 
2020-12-14 21:51:01.4546||INFO|Books365.PL.Window1|User KyryloHalmiz@gmail.com  -  was logged out 
2020-12-14 22:22:06.0618||INFO|Books365.MainWindow|User kyrylhalmiz@gmail.com - was logged into system 
2020-12-14 22:24:09.3389||INFO|Books365.MainWindow|User kyrylhalmiz@gmail.com - was logged into system 
2020-12-14 22:25:00.0155||INFO|Books365.MainWindow|User kyrylhalmiz@gmail.com - was logged into system 
2020-12-14 22:36:02.5945||INFO|Books365.MainWindow|User kyrylhalmiz@gmail.com - was logged into system 
2020-12-14 22:36:08.5506||INFO|Books365.PL.AddBook|BookTitle was added to library 
2020-12-14 22:46:38.1774||INFO|Books365.MainWindow|User kyrylhalmiz@gmail.com - was logged into system 
2020-12-14 22:47:20.1195||INFO|Books365.MainWindow|User kyrylhalmiz@gmail.com - was logged into system 
2020-12-14 22:47:39.3537||INFO|Books365.PL.AddBook|BookEragon was added to library 
2020-12-14 23:06:58.2780||INFO|Books365.MainWindow|User vovchyk@gmail.com - was logged into system 
2020-12-14 23:10:54.4131||INFO|Books365.MainWindow|User vovchyk@gmail.com - was logged into system 
2020-12-14 23:14:54.9498||INFO|Books365.MainWindow|User vovchyk@gmail.com - was logged into system 
2020-12-14 23:15:14.5993||INFO|Books365.MainWindow|User vovchyk@gmail.com - was logged into system 
2020-12-14 23:17:56.3967||INFO|Books365.MainWindow|User vovchyk@gmail.com - was logged into system 
2020-12-14 23:21:52.2382||INFO|Books365.MainWindow|User vovchyk@gmail.com - was logged into system 
2020-12-14 23:22:44.9289||INFO|Books365.MainWindow|User vovchyk@gmail.com - was logged into system 
2020-12-14 23:23:17.4023||INFO|Books365.MainWindow|User vovchyk@gmail.com - was logged into system 
2020-12-14 23:27:18.8125||INFO|Books365.MainWindow|User vovchyk@gmail.com - was logged into system 
2020-12-14 23:27:37.8385||INFO|Books365.MainWindow|User vovchyk@gmail.com - was logged into system 
2020-12-14 23:28:59.3946||INFO|Books365.MainWindow|User vovchyk@gmail.com - was logged into system 
2020-12-14 23:33:57.8240||INFO|Books365.MainWindow|User vovchyk@gmail.com - was logged into system 
2020-12-14 23:34:14.7001||INFO|Books365.PL.Notifications|Notifications Some book - was sended to vovchyk@gmail.com 
2020-12-14 23:34:28.7097||INFO|Books365.PL.Notifications|Notifications Some book - was sended to vovchyk@gmail.com 
2020-12-14 23:39:18.1329||INFO|Books365.MainWindow|User vovchyk@gmail.com - was logged into system 
2020-12-14 23:39:37.4247||INFO|Books365.PL.Notifications|Notifications Some book - was sended to vovchyk@gmail.com 
2020-12-14 23:40:07.2115||INFO|Books365.MainWindow|User vovchyk@gmail.com - was logged into system 
2020-12-15 00:26:11.8426||INFO|Books365.MainWindow|User vovchyk@gmail.com - was logged into system 
2020-12-15 00:27:14.1726||INFO|Books365.PL.AddBook|BookSecret room was added to library 
2020-12-15 00:27:38.1648||INFO|Books365.PL.Notifications|Notifications Have to read Harry Potter - was sended to vovchyk@gmail.com 
2020-12-15 00:27:38.1859||INFO|Books365.PL.Notifications|Notifications Read Harry Potter - 2 - was sended to vovchyk@gmail.com 
2020-12-15 00:27:38.2016||INFO|Books365.PL.Notifications|Notifications Today i have to read 1984 - was sended to vovchyk@gmail.com 
2020-12-15 00:28:25.2465||INFO|Books365.PL.Notifications|Notifications Have to read Harry Potter - was sended to vovchyk@gmail.com 
2020-12-15 00:28:25.2638||INFO|Books365.PL.Notifications|Notifications Read Harry Potter - 2 - was sended to vovchyk@gmail.com 
2020-12-15 00:28:25.2815||INFO|Books365.PL.Notifications|Notifications Today i have to read 1984 - was sended to vovchyk@gmail.com 
2020-12-15 00:28:35.0005||INFO|Books365.PL.Notifications|Notifications Have to read Harry Potter - was sended to vovchyk@gmail.com 
2020-12-15 00:28:35.0182||INFO|Books365.PL.Notifications|Notifications Read Harry Potter - 2 - was sended to vovchyk@gmail.com 
2020-12-15 00:40:55.9246||INFO|Books365.MainWindow|User vovchyk@gmail.com - was logged into system 
2020-12-15 00:41:45.6094||INFO|Books365.MainWindow|User vovchyk@gmail.com - was logged into system 
2020-12-15 00:44:10.7721||INFO|Books365.MainWindow|User vovchyk@gmail.com - was logged into system 
2020-12-15 00:47:56.2829||INFO|Books365.MainWindow|User vovchyk@gmail.com - was logged into system 
2020-12-15 00:56:23.8681||INFO|Books365.MainWindow|User vovchyk@gmail.com - was logged into system 
2020-12-15 00:57:58.5157||INFO|Books365.MainWindow|User vovchyk@gmail.com - was logged into system 
2020-12-15 00:58:32.2816||INFO|Books365.MainWindow|User vovchyk@gmail.com - was logged into system 
2020-12-15 01:00:08.9910||INFO|Books365.MainWindow|User vovchyk@gmail.com - was logged into system 
2020-12-15 01:02:30.1328||INFO|Books365.MainWindow|User vovchyk@gmail.com - was logged into system 
2020-12-15 01:02:53.0792||INFO|Books365.MainWindow|User vovchyk@gmail.com - was logged into system 
2020-12-15 01:04:04.4755||INFO|Books365.MainWindow|User vovchyk@gmail.com - was logged into system 
2020-12-15 01:08:37.2816||INFO|Books365.PL.Notifications|Notifications Have to read Harry Potter - was sended to vovchyk@gmail.com 
2020-12-15 01:08:37.3091||INFO|Books365.PL.Notifications|Notifications Read Harry Potter - 2 - was sended to vovchyk@gmail.com 
2020-12-15 01:10:29.7528||INFO|Books365.PL.Window1|User vovchyk@gmail.com  -  was logged out 
2020-12-15 13:34:18.1613||INFO|Books365.PL.Login|User vovchyk@gmail.com - was logged in 
2020-12-15 13:35:21.4220||INFO|Books365.MainWindow|User vovchyk@gmail.com - was logged into system 
2020-12-15 13:43:42.6570||INFO|Books365.MainWindow|User kyrylhalmiz@gmail.com - was logged into system 
2020-12-15 13:49:34.2019||INFO|Books365.MainWindow|User kyrylhalmiz@gmail.com - was logged into system 
2020-12-15 13:50:36.1052||INFO|Books365.MainWindow|User kyrylhalmiz@gmail.com - was logged into system 
2020-12-15 13:59:07.5082||INFO|Books365.MainWindow|User kyrylhalmiz@gmail.com - was logged into system 
2020-12-15 14:00:38.5365||INFO|Books365.MainWindow|User kyrylhalmiz@gmail.com - was logged into system 
2020-12-15 14:01:29.2197||INFO|Books365.PL.AddBook|BookDagon was added to library 
2020-12-15 14:03:18.5661||INFO|Books365.MainWindow|User kyrylhalmiz@gmail.com - was logged into system 
2020-12-15 14:44:16.5462||INFO|Books365.MainWindow|User kyrylhalmiz@gmail.com - was logged into system 
2020-12-15 14:45:48.9071||INFO|Books365.MainWindow|User kyrylhalmiz@gmail.com - was logged into system 
2020-12-15 14:48:32.0539||INFO|Books365.MainWindow|User kyrylhalmiz@gmail.com - was logged into system 
2020-12-15 14:50:29.6489||INFO|Books365.MainWindow|User kyrylhalmiz@gmail.com - was logged into system 
2020-12-15 14:51:54.2603||INFO|Books365.MainWindow|User kyrylhalmiz@gmail.com - was logged into system 
2020-12-15 14:53:37.2983||INFO|Books365.MainWindow|User kyrylhalmiz@gmail.com - was logged into system 
2020-12-15 14:54:19.7721||INFO|Books365.MainWindow|User kyrylhalmiz@gmail.com - was logged into system 
2020-12-15 14:55:38.7143||INFO|Books365.MainWindow|User kyrylhalmiz@gmail.com - was logged into system 
2020-12-15 14:57:31.5604||INFO|Books365.MainWindow|User kyrylhalmiz@gmail.com - was logged into system 
2020-12-15 14:58:22.9744||INFO|Books365.MainWindow|User kyrylhalmiz@gmail.com - was logged into system 
2020-12-15 14:59:29.4316||INFO|Books365.MainWindow|User kyrylhalmiz@gmail.com - was logged into system 
2020-12-15 14:59:44.9117||INFO|Books365.PL.AddBook|BookThe Music of Erich Zann was added to library 
2020-12-15 15:20:06.9852||INFO|Books365.MainWindow|User kyrylhalmiz@gmail.com - was logged into system 
2020-12-15 15:22:01.3118||INFO|Books365.MainWindow|User kyrylhalmiz@gmail.com - was logged into system 
